  Starting window.cpp
C:\Users\pauli\Documents\GitHub\BattleShips\Frontend\Starting window.cpp(203,11): warning C4244: 'initializing': conversion from 'float' to 'int', possible loss of data
C:\Users\pauli\Documents\GitHub\BattleShips\Frontend\Starting window.cpp(204,11): warning C4244: 'initializing': conversion from 'float' to 'int', possible loss of data
C:\Users\pauli\Documents\GitHub\BattleShips\Frontend\Starting window.cpp(346,29): warning C4244: '=': conversion from 'float' to 'int', possible loss of data
C:\Users\pauli\Documents\GitHub\BattleShips\Frontend\Starting window.cpp(347,29): warning C4244: '=': conversion from 'float' to 'int', possible loss of data
C:\Users\pauli\Documents\GitHub\BattleShips\Frontend\Starting window.cpp(349,38): warning C4244: 'argument': conversion from 'int' to 'T', possible loss of data
          with
          [
              T=float
          ]
C:\Users\pauli\Documents\GitHub\BattleShips\Frontend\Starting window.cpp(349,35): warning C4244: 'argument': conversion from 'int' to 'T', possible loss of data
          with
          [
              T=float
          ]
C:\Users\pauli\Documents\GitHub\BattleShips\Frontend\Starting window.cpp(661,65): warning C4554: '&': check operator precedence for possible error; use parentheses to clarify precedence
C:\Users\pauli\Documents\GitHub\BattleShips\Frontend\Starting window.cpp(729,65): warning C4554: '&': check operator precedence for possible error; use parentheses to clarify precedence
  Generating code
  16 of 887 functions ( 1.8%) were compiled, the rest were copied from previous compilation.
    1 functions were new in current compilation
    1 functions had inline decision re-evaluated but remain unchanged
  Finished generating code
  Laivu_m_FE.vcxproj -> C:\Users\pauli\Documents\GitHub\BattleShips\Frontend\x64\Release\Laivu_m_FE.exe
